Warning: No BioAssembly transforms found, using input molecule as biounit: 
Warning: Cannot set Rfree, due to lack of R value for 
Warning: Calc DPI: no reflection number found for  
DPI: 20.00, RFree: 0.00, Resolution: 0.00
Warning: No BioAssembly transforms found, using input molecule as biounit: 
Warning: Cannot set Rfree, due to lack of R value for 
Warning: Calc DPI: no reflection number found for  
DPI: 20.00, RFree: 0.00, Resolution: 0.00
Warning: No BioAssembly transforms found, using input molecule as biounit: 
Warning: Cannot set Rfree, due to lack of R value for 
Warning: Calc DPI: no reflection number found for  
DPI: 20.00, RFree: 0.00, Resolution: 0.00
Warning: No BioAssembly transforms found, using input molecule as biounit: 
Warning: Cannot set Rfree, due to lack of R value for 
Warning: Calc DPI: no reflection number found for  
DPI: 20.00, RFree: 0.00, Resolution: 0.00
Warning: No BioAssembly transforms found, using input molecule as biounit: 
Warning: Cannot set Rfree, due to lack of R value for 
Warning: Calc DPI: no reflection number found for  
DPI: 20.00, RFree: 0.00, Resolution: 0.00
Warning: No BioAssembly transforms found, using input molecule as biounit: 
DPI: 0.20, RFree: 0.26, Resolution: 1.84
Processing BU # 1 with title: , chains ABW
Warning: No BioAssembly transforms found, using input molecule as biounit: 
Warning: Cannot set Rfree, due to lack of R value for 
Warning: Calc DPI: no reflection number found for  
DPI: 20.00, RFree: 0.00, Resolution: 0.00
Processing BU # 1 with title: , chains ABW
Processing BU # 1 with title: , chains ABW
Warning: No BioAssembly transforms found, using input molecule as biounit: 
DPI: 0.21, RFree: 0.26, Resolution: 1.90
Warning: No BioAssembly transforms found, using input molecule as biounit: 
Warning: Cannot set Rfree, due to lack of R value for 
Warning: Calc DPI: no reflection number found for  
DPI: 20.00, RFree: 0.00, Resolution: 0.00
Warning: No BioAssembly transforms found, using input molecule as biounit: 
Warning: Cannot set Rfree, due to lack of R value for 
Warning: Calc DPI: no reflection number found for  
DPI: 20.00, RFree: 0.00, Resolution: 0.00
Warning: No BioAssembly transforms found, using input molecule as biounit: 
Warning: Cannot set Rfree, due to lack of R value for 
Warning: Calc DPI: no reflection number found for  
DPI: 20.00, RFree: 0.00, Resolution: 0.00
Warning: No BioAssembly transforms found, using input molecule as biounit: 
Warning: Cannot set Rfree, due to lack of R value for 
Warning: Calc DPI: no reflection number found for  
DPI: 20.00, RFree: 0.00, Resolution: 0.00
Warning: No BioAssembly transforms found, using input molecule as biounit: 
Warning: Cannot set Rfree, due to lack of R value for 
Warning: Calc DPI: no reflection number found for  
DPI: 20.00, RFree: 0.00, Resolution: 0.00
Processing BU # 1 with title: , chains ABW
Warning: No BioAssembly transforms found, using input molecule as biounit: 
Warning: Cannot set Rfree, due to lack of R value for 
Warning: Calc DPI: no reflection number found for  
DPI: 20.00, RFree: 0.00, Resolution: 0.00
Processing BU # 1 with title: , chains ABW
Processing BU # 1 with title: , chains ABW
Warning: No BioAssembly transforms found, using input molecule as biounit: 
Warning: No BioAssembly transforms found, using input molecule as biounit: 
Warning: Cannot set Rfree, due to lack of R value for 
Warning: Calc DPI: no reflection number found for  
DPI: 20.00, RFree: 0.00, Resolution: 0.00
Warning: Cannot set Rfree, due to lack of R value for 
Warning: Calc DPI: no reflection number found for  
DPI: 20.00, RFree: 0.00, Resolution: 0.00
Warning: No BioAssembly transforms found, using input molecule as biounit: 
Warning: Cannot set Rfree, due to lack of R value for 
Warning: Calc DPI: no reflection number found for  
DPI: 20.00, RFree: 0.00, Resolution: 0.00
Warning: No BioAssembly transforms found, using input molecule as biounit: 
Warning: No BioAssembly transforms found, using input molecule as biounit: 
Warning: Cannot set Rfree, due to lack of R value for 
Warning: Calc DPI: no reflection number found for  
DPI: 20.00, RFree: 0.00, Resolution: 0.00
DPI: 0.16, RFree: 0.24, Resolution: 1.84
Warning: No BioAssembly transforms found, using input molecule as biounit: 
Warning: Cannot set Rfree, due to lack of R value for 
Warning: Calc DPI: no reflection number found for  
DPI: 20.00, RFree: 0.00, Resolution: 0.00
Processing BU # 1 with title: , chains ABW
Warning: No BioAssembly transforms found, using input molecule as biounit: 
Warning: Cannot set Rfree, due to lack of R value for 
Warning: Calc DPI: no reflection number found for  
DPI: 20.00, RFree: 0.00, Resolution: 0.00
Processing BU # 1 with title: , chains ABW
Processing BU # 1 with title: , chains ABW
Warning: No BioAssembly transforms found, using input molecule as biounit: 
Warning: Cannot set Rfree, due to lack of R value for 
Warning: Calc DPI: no reflection number found for  
DPI: 20.00, RFree: 0.00, Resolution: 0.00
Processing BU # 1 with title: , chains ABW
Processing BU # 1 with title: , chains ABW
Warning: No BioAssembly transforms found, using input molecule as biounit: 
DPI: 0.20, RFree: 0.26, Resolution: 1.84
Processing BU # 1 with title: , chains ABW
Processing BU # 1 with title: , chains AB
Processing BU # 1 with title: , chains ABW
Processing BU # 1 with title: , chains ABW
Processing BU # 1 with title: , chains ABW
Warning: No BioAssembly transforms found, using input molecule as biounit: 
Warning: Cannot set Rfree, due to lack of R value for 
Warning: Calc DPI: no reflection number found for  
DPI: 20.00, RFree: 0.00, Resolution: 0.00
Processing BU # 1 with title: , chains ABW
Found unresolved C-terminal with 6 residues after CYS 300   A 0  , with sequence SGVTFQ
Found unresolved C-terminal with 4 residues after GLY 302   A 0  , with sequence VTFQ
Processing BU # 1 with title: , chains ABW
Found 9 residue gap between ILE 43   B 0   and ASN 53   B 0  , with sequence CTSEDMLNP
Found unresolved C-terminal with 1 residues after PHE 305   B 0  , with sequence Q
Attempting to build loop: CTSEDMLNP between ILE 43   B 0   and ASN 53   B 0  
Fatal: Database file does not exist: /data/chocera/asap-datasets/rcsb_spruce.loop_db
Found 9 residue gap between ILE 43   B 0   and ASN 53   B 0  , with sequence CTSEDMLNP
Found unresolved C-terminal with 1 residues after PHE 305   B 0  , with sequence Q
Processing BU # 1 with title: , chains ABW
Processing BU # 1 with title: , chains ABW
Attempting to build loop: CTSEDMLNP between ILE 43   B 0   and ASN 53   B 0  
Fatal: Database file does not exist: /data/chocera/asap-datasets/rcsb_spruce.loop_db
Processing BU # 1 with title: , chains ABW
Found unresolved C-terminal with 6 residues after CYS 300   A 0  , with sequence SGVTFQ
Processing BU # 1 with title: , chains ABW
Found 1 residue gap between GLU 14   B 0   and CYS 16   B 0  , with sequence G
Found 9 residue gap between CYS 44   B 0   and TYR 54   B 0  , with sequence TSEDMLNPN
Found unresolved C-terminal with 1 residues after PHE 305   B 0  , with sequence Q
Attempting to build loop: G between GLU 14   B 0   and CYS 16   B 0  
Increased two sided crop back length from 1 to 2 to accommodate the minimum loop length in database
Fatal: Database file does not exist: /data/chocera/asap-datasets/rcsb_spruce.loop_db
Processing BU # 1 with title: , chains ABW
Found unresolved C-terminal with 1 residues after PHE 305   A 0  , with sequence Q
Found unresolved C-terminal with 4 residues after GLY 302   A 0  , with sequence VTFQ
Found 9 residue gap between ILE 43   B 0   and ASN 53   B 0  , with sequence CTSEDMLNP
Found unresolved C-terminal with 1 residues after PHE 305   B 0  , with sequence Q
Attempting to build loop: CTSEDMLNP between ILE 43   B 0   and ASN 53   B 0  
Fatal: Database file does not exist: /data/chocera/asap-datasets/rcsb_spruce.loop_db
Found 7 residue gap between CYS 44   B 0   and PRO 52   B 0  , with sequence TSEDMLN
Found unresolved C-terminal with 1 residues after PHE 305   B 0  , with sequence Q
Attempting to build loop: TSEDMLN between CYS 44   B 0   and PRO 52   B 0  
Fatal: Database file does not exist: /data/chocera/asap-datasets/rcsb_spruce.loop_db
Warning: No BioAssembly transforms found, using input molecule as biounit: 
Warning: Cannot set Rfree, due to lack of R value for 
Warning: Calc DPI: no reflection number found for  
DPI: 20.00, RFree: 0.00, Resolution: 0.00
Warning: After setting primary alternate location, water molecules, ' O   HOH 8   C 0  ' and ' O   HOH 8   W 0  ' are too close 0.65 < 0.7A. Cleaning up by deleting second water
Processing BU # 1 with title: , chains ABCW
Found unresolved C-terminal with 1 residues after PHE 305   A 0  , with sequence Q
Found 8 residue gap between ILE 43   B 0   and PRO 52   B 0  , with sequence CTSEDMLN
Found unresolved C-terminal with 1 residues after PHE 305   B 0  , with sequence Q
Attempting to build loop: CTSEDMLN between ILE 43   B 0   and PRO 52   B 0  
Fatal: Database file does not exist: /data/chocera/asap-datasets/rcsb_spruce.loop_db
Warning: Residue requested to be mutated SER 44   B 2   has incorrect or incomplete backbone connectivity - skipping
Warning: No BioAssembly transforms found, using input molecule as biounit: 
DPI: 0.24, RFree: 0.26, Resolution: 1.94
Found unresolved C-terminal with 4 residues after GLY 302   A 0  , with sequence VTFQ
Found unresolved C-terminal with 4 residues after GLY 302   A 0  , with sequence VTFQ
Warning: No BioAssembly transforms found, using input molecule as biounit: 
Warning: Cannot set Rfree, due to lack of R value for 
Warning: Calc DPI: no reflection number found for  
DPI: 20.00, RFree: 0.00, Resolution: 0.00
Found 8 residue gap between ILE 43   B 0   and PRO 52   B 0  , with sequence CTSEDMLN
Found unresolved C-terminal with 1 residues after PHE 305   B 0  , with sequence Q
Attempting to build loop: CTSEDMLN between ILE 43   B 0   and PRO 52   B 0  
Found 6 residue gap between CYS 44   B 0   and ASN 51   B 0  , with sequence TSEDML
Found unresolved C-terminal with 1 residues after PHE 305   B 0  , with sequence Q
Fatal: Database file does not exist: /data/chocera/asap-datasets/rcsb_spruce.loop_db
Attempting to build loop: TSEDML between CYS 44   B 0   and ASN 51   B 0  
Fatal: Database file does not exist: /data/chocera/asap-datasets/rcsb_spruce.loop_db
Found unresolved C-terminal with 1 residues after PHE 305   A 0  , with sequence Q
Found 9 residue gap between ILE 43   B 0   and ASN 53   B 0  , with sequence CTSEDMLNP
Found unresolved C-terminal with 1 residues after PHE 305   B 0  , with sequence Q
Attempting to build loop: CTSEDMLNP between ILE 43   B 0   and ASN 53   B 0  
Found unresolved C-terminal with 5 residues after SER 301   A 0  , with sequence GVTFQ
Fatal: Database file does not exist: /data/chocera/asap-datasets/rcsb_spruce.loop_db
Warning: Could not properly categorize HOH 8   W 0  , placing in undefined
Found 7 residue gap between CYS 44   B 0   and PRO 52   B 0  , with sequence TSEDMLN
Found unresolved C-terminal with 1 residues after PHE 305   B 0  , with sequence Q
Attempting to build loop: TSEDMLN between CYS 44   B 0   and PRO 52   B 0  
Found unresolved C-terminal with 5 residues after SER 301   A 0  , with sequence GVTFQ
Fatal: Database file does not exist: /data/chocera/asap-datasets/rcsb_spruce.loop_db
Warning: No BioAssembly transforms found, using input molecule as biounit: 
Warning: Cannot set Rfree, due to lack of R value for 
Warning: Calc DPI: no reflection number found for  
DPI: 20.00, RFree: 0.00, Resolution: 0.00
Warning: No BioAssembly transforms found, using input molecule as biounit: 
Found 8 residue gap between ILE 43   B 0   and PRO 52   B 0  , with sequence CTSEDMLN
Found unresolved C-terminal with 1 residues after PHE 305   B 0  , with sequence Q
Warning: Cannot set Rfree, due to lack of R value for 
Warning: Calc DPI: no reflection number found for  
DPI: 20.00, RFree: 0.00, Resolution: 0.00
Found unresolved C-terminal with 4 residues after GLY 302   A 0  , with sequence VTFQ
Attempting to build loop: CTSEDMLN between ILE 43   B 0   and PRO 52   B 0  
Fatal: Database file does not exist: /data/chocera/asap-datasets/rcsb_spruce.loop_db
Found 7 residue gap between CYS 44   B 0   and PRO 52   B 0  , with sequence TSEDMLN
Found unresolved C-terminal with 1 residues after PHE 305   B 0  , with sequence Q
Attempting to build loop: TSEDMLN between CYS 44   B 0   and PRO 52   B 0  
Fatal: Database file does not exist: /data/chocera/asap-datasets/rcsb_spruce.loop_db
Processing BU # 1 with title: , chains ABW
Found unresolved C-terminal with 4 residues after GLY 302   A 0  , with sequence VTFQ
Found unresolved C-terminal with 4 residues after GLY 302   A 0  , with sequence VTFQ
Found unresolved C-terminal with 1 residues after PHE 305   A 0  , with sequence Q
Found 7 residue gap between CYS 44   B 0   and PRO 52   B 0  , with sequence TSEDMLN
Found unresolved C-terminal with 1 residues after PHE 305   B 0  , with sequence Q
Found 9 residue gap between ILE 43   B 0   and ASN 53   B 0  , with sequence CTSEDMLNP
Found unresolved C-terminal with 1 residues after PHE 305   B 0  , with sequence Q
Attempting to build loop: TSEDMLN between CYS 44   B 0   and PRO 52   B 0  
Fatal: Database file does not exist: /data/chocera/asap-datasets/rcsb_spruce.loop_db
Attempting to build loop: CTSEDMLNP between ILE 43   B 0   and ASN 53   B 0  
Fatal: Database file does not exist: /data/chocera/asap-datasets/rcsb_spruce.loop_db
Found 6 residue gap between CYS 44   B 0   and ASN 51   B 0  , with sequence TSEDML
Found unresolved C-terminal with 1 residues after PHE 305   B 0  , with sequence Q
Found unresolved C-terminal with 1 residues after PHE 305   A 0  , with sequence Q
Attempting to build loop: TSEDML between CYS 44   B 0   and ASN 51   B 0  
Fatal: Database file does not exist: /data/chocera/asap-datasets/rcsb_spruce.loop_db
Found 3 residue gap between ILE 43   B 0   and GLU 47   B 0  , with sequence CTS
Found unresolved C-terminal with 1 residues after PHE 305   B 0  , with sequence Q
Attempting to build loop: CTS between ILE 43   B 0   and GLU 47   B 0  
Fatal: Database file does not exist: /data/chocera/asap-datasets/rcsb_spruce.loop_db
Processing BU # 1 with title: , chains ABW
Found unresolved C-terminal with 1 residues after PHE 305   A 0  , with sequence Q
Found 6 residue gap between CYS 44   B 0   and ASN 51   B 0  , with sequence TSEDML
Found unresolved C-terminal with 1 residues after PHE 305   B 0  , with sequence Q
Attempting to build loop: TSEDML between CYS 44   B 0   and ASN 51   B 0  
Fatal: Database file does not exist: /data/chocera/asap-datasets/rcsb_spruce.loop_db
Found 1 residue gap between TYR 54   A 0   and ASP 56   A 0  , with sequence E
Found unresolved C-terminal with 2 residues after THR 304   A 0  , with sequence FQ
Found unresolved C-terminal with 1 residues after PHE 305   A 0  , with sequence Q
Found 1 residue gap between TYR 54   B 0   and ASP 56   B 0  , with sequence E
Found unresolved C-terminal with 2 residues after THR 304   B 0  , with sequence FQ
Found unresolved C-terminal with 1 residues after PHE 305   A 0  , with sequence Q
Attempting to build loop: E between TYR 54   A 0   and ASP 56   A 0  
Increased two sided crop back length from 1 to 2 to accommodate the minimum loop length in database
Fatal: Database file does not exist: /data/chocera/asap-datasets/rcsb_spruce.loop_db
Found 7 residue gap between CYS 44   B 0   and PRO 52   B 0  , with sequence TSEDMLN
Found unresolved C-terminal with 1 residues after PHE 305   B 0  , with sequence Q
Attempting to build loop: TSEDMLN between CYS 44   B 0   and PRO 52   B 0  
Found 7 residue gap between ILE 43   B 0   and ASN 51   B 0  , with sequence CTSEDML
Found unresolved C-terminal with 1 residues after PHE 305   B 0  , with sequence Q
Fatal: Database file does not exist: /data/chocera/asap-datasets/rcsb_spruce.loop_db
Attempting to build loop: CTSEDML between ILE 43   B 0   and ASN 51   B 0  
Fatal: Database file does not exist: /data/chocera/asap-datasets/rcsb_spruce.loop_db
Processing BU # 1 with title: , chains ABW
Processing BU # 1 with title: , chains ABW
Warning: No BioAssembly transforms found, using input molecule as biounit: 
DPI: 0.11, RFree: 0.24, Resolution: 1.56
Processing BU # 1 with title: , chains ABW
Warning: No BioAssembly transforms found, using input molecule as biounit: 
Warning: Cannot set Rfree, due to lack of R value for 
Warning: Calc DPI: no reflection number found for  
DPI: 20.00, RFree: 0.00, Resolution: 0.00
Warning: No BioAssembly transforms found, using input molecule as biounit: 
DPI: 0.07, RFree: 0.23, Resolution: 1.45
Found unresolved C-terminal with 4 residues after GLY 302   A 0  , with sequence VTFQ
Found 9 residue gap between ILE 43   B 0   and ASN 53   B 0  , with sequence CTSEDMLNP
Found unresolved C-terminal with 1 residues after PHE 305   B 0  , with sequence Q
Attempting to build loop: CTSEDMLNP between ILE 43   B 0   and ASN 53   B 0  
Fatal: Database file does not exist: /data/chocera/asap-datasets/rcsb_spruce.loop_db
Warning: After setting primary alternate location, water molecules, ' O   HOH 8   C 0  ' and ' O   HOH 8   W 0  ' are too close 0.54 < 0.7A. Cleaning up by deleting second water
Processing BU # 1 with title: , chains ABCW
Warning: No BioAssembly transforms found, using input molecule as biounit: 
Warning: Cannot set Rfree, due to lack of R value for 
Warning: Calc DPI: no reflection number found for  
DPI: 20.00, RFree: 0.00, Resolution: 0.00
Warning: No BioAssembly transforms found, using input molecule as biounit: 
Warning: Cannot set Rfree, due to lack of R value for 
Warning: Calc DPI: no reflection number found for  
DPI: 20.00, RFree: 0.00, Resolution: 0.00
Processing BU # 1 with title: , chains ABW
Warning: No BioAssembly transforms found, using input molecule as biounit: 
DPI: 0.20, RFree: 0.25, Resolution: 1.86
Processing BU # 1 with title: , chains ABW
Found 6 residue gap between CYS 44   B 0   and ASN 51   B 0  , with sequence TSEDML
Found unresolved C-terminal with 1 residues after PHE 305   B 0  , with sequence Q
Attempting to build loop: TSEDML between CYS 44   B 0   and ASN 51   B 0  
Fatal: Database file does not exist: /data/chocera/asap-datasets/rcsb_spruce.loop_db
Found unresolved C-terminal with 6 residues after CYS 300   A 0  , with sequence SGVTFQ
Warning: No BioAssembly transforms found, using input molecule as biounit: 
Warning: Cannot set Rfree, due to lack of R value for 
Warning: Calc DPI: no reflection number found for  
DPI: 20.00, RFree: 0.00, Resolution: 0.00
Found 6 residue gap between CYS 44   B 0   and ASN 51   B 0  , with sequence TSEDML
Found unresolved C-terminal with 1 residues after PHE 305   B 0  , with sequence Q
Attempting to build loop: TSEDML between CYS 44   B 0   and ASN 51   B 0  
Fatal: Database file does not exist: /data/chocera/asap-datasets/rcsb_spruce.loop_db
Warning: No BioAssembly transforms found, using input molecule as biounit: 
Warning: Cannot set Rfree, due to lack of R value for 
Warning: Calc DPI: no reflection number found for  
DPI: 20.00, RFree: 0.00, Resolution: 0.00
Warning: No BioAssembly transforms found, using input molecule as biounit: 
DPI: 0.14, RFree: 0.24, Resolution: 1.67
Warning: No BioAssembly transforms found, using input molecule as biounit: 
Warning: Cannot set Rfree, due to lack of R value for 
Warning: Calc DPI: no reflection number found for  
DPI: 20.00, RFree: 0.00, Resolution: 0.00
Found unresolved C-terminal with 1 residues after PHE 305   A 0  , with sequence Q
Found 7 residue gap between CYS 44   B 0   and PRO 52   B 0  , with sequence TSEDMLN
Found unresolved C-terminal with 1 residues after PHE 305   B 0  , with sequence Q
Attempting to build loop: TSEDMLN between CYS 44   B 0   and PRO 52   B 0  
Processing BU # 1 with title: , chains ABW
Fatal: Database file does not exist: /data/chocera/asap-datasets/rcsb_spruce.loop_db
Warning: After setting primary alternate location, water molecules, ' O   HOH 8   C 0  ' and ' O   HOH 8   W 0  ' are too close 0.69 < 0.7A. Cleaning up by deleting second water
Processing BU # 1 with title: , chains ABCW
Found unresolved C-terminal with 1 residues after PHE 305   A 0  , with sequence Q
Processing BU # 1 with title: , chains ABW
Found 7 residue gap between CYS 44   B 0   and PRO 52   B 0  , with sequence TSEDMLN
Found unresolved C-terminal with 1 residues after PHE 305   B 0  , with sequence Q
Attempting to build loop: TSEDMLN between CYS 44   B 0   and PRO 52   B 0  
Fatal: Database file does not exist: /data/chocera/asap-datasets/rcsb_spruce.loop_db
Warning: No BioAssembly transforms found, using input molecule as biounit: 
Warning: Cannot set Rfree, due to lack of R value for 
Warning: Calc DPI: no reflection number found for  
DPI: 20.00, RFree: 0.00, Resolution: 0.00
Processing BU # 1 with title: , chains ABW
Warning: Could not properly categorize HOH 8   W 0  , placing in undefined
Processing BU # 1 with title: , chains ABW
Warning: No BioAssembly transforms found, using input molecule as biounit: 
Warning: Cannot set Rfree, due to lack of R value for 
Warning: Calc DPI: no reflection number found for  
DPI: 20.00, RFree: 0.00, Resolution: 0.00
Processing BU # 1 with title: , chains ABW
Warning: No BioAssembly transforms found, using input molecule as biounit: 
Warning: Cannot set Rfree, due to lack of R value for 
Warning: Calc DPI: no reflection number found for  
DPI: 20.00, RFree: 0.00, Resolution: 0.00
Found unresolved C-terminal with 4 residues after GLY 302   A 0  , with sequence VTFQ
Processing BU # 1 with title: , chains ABW
Found 7 residue gap between CYS 44   B 0   and PRO 52   B 0  , with sequence TSEDMLN
Found unresolved C-terminal with 1 residues after PHE 305   B 0  , with sequence Q
Attempting to build loop: TSEDMLN between CYS 44   B 0   and PRO 52   B 0  
Fatal: Database file does not exist: /data/chocera/asap-datasets/rcsb_spruce.loop_db
Warning: No BioAssembly transforms found, using input molecule as biounit: 
Warning: No BioAssembly transforms found, using input molecule as biounit: 
DPI: 0.18, RFree: 0.25, Resolution: 1.72
DPI: 0.28, RFree: 0.25, Resolution: 2.02
Warning: No BioAssembly transforms found, using input molecule as biounit: 
DPI: 0.18, RFree: 0.24, Resolution: 1.86
Warning: No BioAssembly transforms found, using input molecule as biounit: 
Warning: Cannot set Rfree, due to lack of R value for 
Warning: Calc DPI: no reflection number found for  
DPI: 20.00, RFree: 0.00, Resolution: 0.00
Warning: No BioAssembly transforms found, using input molecule as biounit: 
Warning: Cannot set Rfree, due to lack of R value for 
Warning: Calc DPI: no reflection number found for  
DPI: 20.00, RFree: 0.00, Resolution: 0.00
Warning: No BioAssembly transforms found, using input molecule as biounit: 
Warning: Cannot set Rfree, due to lack of R value for 
Warning: Calc DPI: no reflection number found for  
DPI: 20.00, RFree: 0.00, Resolution: 0.00
Found unresolved C-terminal with 1 residues after PHE 305   A 0  , with sequence Q
Found 7 residue gap between CYS 44   B 0   and PRO 52   B 0  , with sequence TSEDMLN
Found unresolved C-terminal with 1 residues after PHE 305   B 0  , with sequence Q
Attempting to build loop: TSEDMLN between CYS 44   B 0   and PRO 52   B 0  
Fatal: Database file does not exist: /data/chocera/asap-datasets/rcsb_spruce.loop_db
Processing BU # 1 with title: , chains ABW
Processing BU # 1 with title: , chains ABW
Processing BU # 1 with title: , chains ABW
Found unresolved C-terminal with 4 residues after GLY 302   A 0  , with sequence VTFQ
Found 6 residue gap between CYS 44   B 0   and ASN 51   B 0  , with sequence TSEDML
Found unresolved C-terminal with 1 residues after PHE 305   B 0  , with sequence Q
Attempting to build loop: TSEDML between CYS 44   B 0   and ASN 51   B 0  
Fatal: Database file does not exist: /data/chocera/asap-datasets/rcsb_spruce.loop_db
Processing BU # 1 with title: , chains ABW
Processing BU # 1 with title: , chains ABW
Warning: No BioAssembly transforms found, using input molecule as biounit: 
Warning: No BioAssembly transforms found, using input molecule as biounit: 
Warning: Cannot set Rfree, due to lack of R value for 
Warning: Calc DPI: no reflection number found for  
DPI: 20.00, RFree: 0.00, Resolution: 0.00
Warning: Cannot set Rfree, due to lack of R value for 
Warning: Calc DPI: no reflection number found for  
DPI: 20.00, RFree: 0.00, Resolution: 0.00
Processing BU # 1 with title: , chains ABW
Found 2 residue gap between GLY 215   A 0   and TRP 218   A 0  , with sequence DR
Found unresolved C-terminal with 2 residues after THR 304   A 0  , with sequence FQ
Processing BU # 1 with title: , chains ABW
Found 2 residue gap between GLY 215   B 0   and TRP 218   B 0  , with sequence DR
Found unresolved C-terminal with 2 residues after THR 304   B 0  , with sequence FQ
Attempting to build loop: DR between GLY 215   A 0   and TRP 218   A 0  
Fatal: Database file does not exist: /data/chocera/asap-datasets/rcsb_spruce.loop_db
Found unresolved C-terminal with 6 residues after CYS 300   A 0  , with sequence SGVTFQ
Found unresolved C-terminal with 1 residues after PHE 305   A 0  , with sequence Q
Warning: No BioAssembly transforms found, using input molecule as biounit: 
Found 9 residue gap between ILE 43   B 0   and ASN 53   B 0  , with sequence CTSEDMLNP
Found unresolved C-terminal with 1 residues after PHE 305   B 0  , with sequence Q
Warning: Cannot set Rfree, due to lack of R value for 
Warning: Calc DPI: no reflection number found for  
DPI: 20.00, RFree: 0.00, Resolution: 0.00
Attempting to build loop: CTSEDMLNP between ILE 43   B 0   and ASN 53   B 0  
Fatal: Database file does not exist: /data/chocera/asap-datasets/rcsb_spruce.loop_db
Found 18 residue gap between ILE 43   B 0   and SER 62   B 0  , with sequence CTSEDMLNPNYEDLLIRK
Found unresolved C-terminal with 1 residues after PHE 305   B 0  , with sequence Q
Attempting to build loop: CTSEDMLNPNYEDLLIRK between ILE 43   B 0   and SER 62   B 0  
Fatal: Database file does not exist: /data/chocera/asap-datasets/rcsb_spruce.loop_db
Processing BU # 1 with title: , chains ABW
Processing BU # 1 with title: , chains ABW
Found unresolved C-terminal with 5 residues after SER 301   A 0  , with sequence GVTFQ
Found 9 residue gap between ILE 43   B 0   and ASN 53   B 0  , with sequence CTSEDMLNP
Found unresolved C-terminal with 1 residues after PHE 305   B 0  , with sequence Q
Attempting to build loop: CTSEDMLNP between ILE 43   B 0   and ASN 53   B 0  
Fatal: Database file does not exist: /data/chocera/asap-datasets/rcsb_spruce.loop_db
Found unresolved C-terminal with 5 residues after SER 301   A 0  , with sequence GVTFQ
Found 8 residue gap between ILE 43   B 0   and PRO 52   B 0  , with sequence CTSEDMLN
Found unresolved C-terminal with 1 residues after PHE 305   B 0  , with sequence Q
Attempting to build loop: CTSEDMLN between ILE 43   B 0   and PRO 52   B 0  
Fatal: Database file does not exist: /data/chocera/asap-datasets/rcsb_spruce.loop_db
Processing BU # 1 with title: , chains ABW
Processing BU # 1 with title: , chains ABW
Warning: No BioAssembly transforms found, using input molecule as biounit: 
Warning: Cannot set Rfree, due to lack of R value for 
Warning: Calc DPI: no reflection number found for  
DPI: 20.00, RFree: 0.00, Resolution: 0.00
Found unresolved C-terminal with 1 residues after PHE 305   A 0  , with sequence Q
Found 8 residue gap between CYS 44   B 0   and ASN 53   B 0  , with sequence TSEDMLNP
Found unresolved C-terminal with 1 residues after PHE 305   B 0  , with sequence Q
Attempting to build loop: TSEDMLNP between CYS 44   B 0   and ASN 53   B 0  
Fatal: Database file does not exist: /data/chocera/asap-datasets/rcsb_spruce.loop_db
Warning: No BioAssembly transforms found, using input molecule as biounit: 
Warning: Cannot set Rfree, due to lack of R value for 
Warning: Calc DPI: no reflection number found for  
DPI: 20.00, RFree: 0.00, Resolution: 0.00
Found unresolved C-terminal with 1 residues after PHE 305   A 0  , with sequence Q
Warning: No BioAssembly transforms found, using input molecule as biounit: 
DPI: 0.18, RFree: 0.25, Resolution: 1.84
Found 2 residue gap between SER 1   B 0   and GLY 2   B 0  , with sequence CT
Found 5 residue gap between SER 44   B 0   and PRO 52   B 0  , with sequence EDMLN
Found unresolved C-terminal with 1 residues after PHE 305   B 0  , with sequence Q
Found unresolved C-terminal with 4 residues after GLY 302   A 0  , with sequence VTFQ
Attempting to build loop: CT between SER 1   B 0   and GLY 2   B 0  
Fatal: Database file does not exist: /data/chocera/asap-datasets/rcsb_spruce.loop_db
Processing BU # 1 with title: , chains ABW
Found 8 residue gap between ILE 43   B 0   and PRO 52   B 0  , with sequence CTSEDMLN
Found unresolved C-terminal with 1 residues after PHE 305   B 0  , with sequence Q
Attempting to build loop: CTSEDMLN between ILE 43   B 0   and PRO 52   B 0  
Found unresolved C-terminal with 1 residues after PHE 305   A 0  , with sequence Q
Fatal: Database file does not exist: /data/chocera/asap-datasets/rcsb_spruce.loop_db
Warning: No BioAssembly transforms found, using input molecule as biounit: 
Warning: Cannot set Rfree, due to lack of R value for 
Warning: Calc DPI: no reflection number found for  
DPI: 20.00, RFree: 0.00, Resolution: 0.00
Found 9 residue gap between ILE 43   B 0   and ASN 53   B 0  , with sequence CTSEDMLNP
Found unresolved C-terminal with 5 residues after SER 301   B 0  , with sequence GVTFQ
Attempting to build loop: CTSEDMLNP between ILE 43   B 0   and ASN 53   B 0  
Fatal: Database file does not exist: /data/chocera/asap-datasets/rcsb_spruce.loop_db
Found unresolved C-terminal with 1 residues after PHE 305   A 0  , with sequence Q
Found 9 residue gap between ILE 43   B 0   and ASN 53   B 0  , with sequence CTSEDMLNP
Found unresolved C-terminal with 1 residues after PHE 305   B 0  , with sequence Q
Attempting to build loop: CTSEDMLNP between ILE 43   B 0   and ASN 53   B 0  
Fatal: Database file does not exist: /data/chocera/asap-datasets/rcsb_spruce.loop_db
Found unresolved C-terminal with 4 residues after GLY 302   A 0  , with sequence VTFQ
Found unresolved C-terminal with 1 residues after PHE 305   A 0  , with sequence Q
Found 7 residue gap between CYS 44   B 0   and PRO 52   B 0  , with sequence TSEDMLN
Found unresolved C-terminal with 1 residues after PHE 305   B 0  , with sequence Q
Processing BU # 1 with title: , chains ABW
Attempting to build loop: TSEDMLN between CYS 44   B 0   and PRO 52   B 0  
Warning: No BioAssembly transforms found, using input molecule as biounit: 
Warning: Cannot set Rfree, due to lack of R value for 
Warning: Calc DPI: no reflection number found for  
DPI: 20.00, RFree: 0.00, Resolution: 0.00
Fatal: Database file does not exist: /data/chocera/asap-datasets/rcsb_spruce.loop_db
Found 2 residue gap between CYS 44   B 0   and GLU 47   B 0  , with sequence TS
Found unresolved C-terminal with 1 residues after PHE 305   B 0  , with sequence Q
Attempting to build loop: TS between CYS 44   B 0   and GLU 47   B 0  
Fatal: Database file does not exist: /data/chocera/asap-datasets/rcsb_spruce.loop_db
Processing BU # 1 with title: , chains ABW
Processing BU # 1 with title: , chains ABW
Processing BU # 1 with title: , chains ABW
Warning: No BioAssembly transforms found, using input molecule as biounit: 
Warning: Cannot set Rfree, due to lack of R value for 
Warning: Calc DPI: no reflection number found for  
DPI: 20.00, RFree: 0.00, Resolution: 0.00
Found unresolved C-terminal with 1 residues after PHE 305   A 0  , with sequence Q
Found unresolved C-terminal with 1 residues after PHE 305   A 0  , with sequence Q
Found 8 residue gap between CYS 44   B 0   and ASN 53   B 0  , with sequence TSEDMLNP
Found unresolved C-terminal with 1 residues after PHE 305   B 0  , with sequence Q
Attempting to build loop: TSEDMLNP between CYS 44   B 0   and ASN 53   B 0  
Fatal: Database file does not exist: /data/chocera/asap-datasets/rcsb_spruce.loop_db
Found 6 residue gap between CYS 44   B 0   and ASN 51   B 0  , with sequence TSEDML
Found unresolved C-terminal with 1 residues after PHE 305   B 0  , with sequence Q
Attempting to build loop: TSEDML between CYS 44   B 0   and ASN 51   B 0  
Fatal: Database file does not exist: /data/chocera/asap-datasets/rcsb_spruce.loop_db
Found unresolved C-terminal with 4 residues after GLY 302   A 0  , with sequence VTFQ
Found 8 residue gap between ILE 43   B 0   and PRO 52   B 0  , with sequence CTSEDMLN
Found unresolved C-terminal with 1 residues after PHE 305   B 0  , with sequence Q
Attempting to build loop: CTSEDMLN between ILE 43   B 0   and PRO 52   B 0  
Fatal: Database file does not exist: /data/chocera/asap-datasets/rcsb_spruce.loop_db
Processing BU # 1 with title: , chains ABW
Found unresolved C-terminal with 1 residues after PHE 305   A 0  , with sequence Q
Found 8 residue gap between CYS 44   B 0   and ASN 53   B 0  , with sequence TSEDMLNP
Found unresolved C-terminal with 1 residues after PHE 305   B 0  , with sequence Q
Attempting to build loop: TSEDMLNP between CYS 44   B 0   and ASN 53   B 0  
Fatal: Database file does not exist: /data/chocera/asap-datasets/rcsb_spruce.loop_db
Processing BU # 1 with title: , chains ABW
Found unresolved C-terminal with 1 residues after PHE 305   A 0  , with sequence Q
Found 8 residue gap between CYS 44   B 0   and ASN 53   B 0  , with sequence TSEDMLNP
Found unresolved C-terminal with 1 residues after PHE 305   B 0  , with sequence Q
Attempting to build loop: TSEDMLNP between CYS 44   B 0   and ASN 53   B 0  
Fatal: Database file does not exist: /data/chocera/asap-datasets/rcsb_spruce.loop_db
Found unresolved C-terminal with 6 residues after CYS 300   A 0  , with sequence SGVTFQ
Found 8 residue gap between CYS 44   B 0   and ASN 53   B 0  , with sequence TSEDMLNP
Found unresolved C-terminal with 1 residues after PHE 305   B 0  , with sequence Q
Attempting to build loop: TSEDMLNP between CYS 44   B 0   and ASN 53   B 0  
Fatal: Database file does not exist: /data/chocera/asap-datasets/rcsb_spruce.loop_db
Found 6 residue gap between CYS 44   B 0   and ASN 51   B 0  , with sequence TSEDML
Found unresolved C-terminal with 1 residues after PHE 305   B 0  , with sequence Q
Attempting to build loop: TSEDML between CYS 44   B 0   and ASN 51   B 0  
Fatal: Database file does not exist: /data/chocera/asap-datasets/rcsb_spruce.loop_db
Found unresolved C-terminal with 1 residues after PHE 305   A 0  , with sequence Q
Found 8 residue gap between ILE 43   B 0   and PRO 52   B 0  , with sequence CTSEDMLN
Found unresolved C-terminal with 1 residues after PHE 305   B 0  , with sequence Q
Attempting to build loop: CTSEDMLN between ILE 43   B 0   and PRO 52   B 0  
Fatal: Database file does not exist: /data/chocera/asap-datasets/rcsb_spruce.loop_db
Found unresolved C-terminal with 4 residues after GLY 302   A 0  , with sequence VTFQ
Found 7 residue gap between CYS 44   B 0   and PRO 52   B 0  , with sequence TSEDMLN
Found unresolved C-terminal with 1 residues after PHE 305   B 0  , with sequence Q
Attempting to build loop: TSEDMLN between CYS 44   B 0   and PRO 52   B 0  
Fatal: Database file does not exist: /data/chocera/asap-datasets/rcsb_spruce.loop_db
Found unresolved C-terminal with 1 residues after PHE 305   A 0  , with sequence Q
Found 7 residue gap between CYS 44   B 0   and PRO 52   B 0  , with sequence TSEDMLN
Found unresolved C-terminal with 1 residues after PHE 305   B 0  , with sequence Q
Attempting to build loop: TSEDMLN between CYS 44   B 0   and PRO 52   B 0  
Fatal: Database file does not exist: /data/chocera/asap-datasets/rcsb_spruce.loop_db
Found unresolved C-terminal with 1 residues after PHE 305   A 0  , with sequence Q
Found 7 residue gap between CYS 44   B 0   and PRO 52   B 0  , with sequence TSEDMLN
Found unresolved C-terminal with 1 residues after PHE 305   B 0  , with sequence Q
Attempting to build loop: TSEDMLN between CYS 44   B 0   and PRO 52   B 0  
Fatal: Database file does not exist: /data/chocera/asap-datasets/rcsb_spruce.loop_db
Found unresolved C-terminal with 1 residues after PHE 305   A 0  , with sequence Q
Found 7 residue gap between CYS 44   B 0   and PRO 52   B 0  , with sequence TSEDMLN
Found unresolved C-terminal with 1 residues after PHE 305   B 0  , with sequence Q
Attempting to build loop: TSEDMLN between CYS 44   B 0   and PRO 52   B 0  
Fatal: Database file does not exist: /data/chocera/asap-datasets/rcsb_spruce.loop_db
Found unresolved C-terminal with 1 residues after PHE 305   B 0  , with sequence Q
Warning: OEPlaceHydrogens: mol DesignUnit Components has heavy atoms ' O   HOH 481   A 0  ' and ' O   HOH 49 A A 0  ' too close 0.40 < 0.5A
Warning: Unable to add protons to DesignUnit: (AB)__DU__biounit, failing with strict mode enabled
Warning: No ligand or sites detected, please revise inputs and/or options
Found unresolved C-terminal with 1 residues after PHE 305   A 0  , with sequence Q
Found 6 residue gap between CYS 44   B 0   and ASN 51   B 0  , with sequence TSEDML
Found unresolved C-terminal with 1 residues after PHE 305   B 0  , with sequence Q
Attempting to build loop: TSEDML between CYS 44   B 0   and ASN 51   B 0  
Fatal: Database file does not exist: /data/chocera/asap-datasets/rcsb_spruce.loop_db
Found unresolved C-terminal with 6 residues after CYS 300   A 0  , with sequence SGVTFQ
Found 9 residue gap between ILE 43   B 0   and ASN 53   B 0  , with sequence CTSEDMLNP
Found unresolved C-terminal with 1 residues after PHE 305   B 0  , with sequence Q
Attempting to build loop: CTSEDMLNP between ILE 43   B 0   and ASN 53   B 0  
Fatal: Database file does not exist: /data/chocera/asap-datasets/rcsb_spruce.loop_db
Found unresolved C-terminal with 1 residues after PHE 305   A 0  , with sequence Q
Found 9 residue gap between ILE 43   B 0   and ASN 53   B 0  , with sequence CTSEDMLNP
Found unresolved C-terminal with 1 residues after PHE 305   B 0  , with sequence Q
Attempting to build loop: CTSEDMLNP between ILE 43   B 0   and ASN 53   B 0  
Fatal: Database file does not exist: /data/chocera/asap-datasets/rcsb_spruce.loop_db
Warning: No BioAssembly transforms found, using input molecule as biounit: 
Warning: Cannot set Rfree, due to lack of R value for 
Warning: Calc DPI: no reflection number found for  
DPI: 20.00, RFree: 0.00, Resolution: 0.00
Processing BU # 1 with title: , chains ABW
Found unresolved C-terminal with 4 residues after GLY 302   A 0  , with sequence VTFQ
Found 8 residue gap between CYS 44   B 0   and ASN 53   B 0  , with sequence TSEDMLNP
Found unresolved C-terminal with 1 residues after PHE 305   B 0  , with sequence Q
Attempting to build loop: TSEDMLNP between CYS 44   B 0   and ASN 53   B 0  
Fatal: Database file does not exist: /data/chocera/asap-datasets/rcsb_spruce.loop_db
Warning: Could not properly categorize HOH 8   W 0  , placing in undefined
Found unresolved C-terminal with 2 residues after THR 304   A 0  , with sequence FQ
Found unresolved C-terminal with 2 residues after THR 304   B 0  , with sequence FQ
Warning: OEPlaceHydrogens: mol DesignUnit Components has heavy atoms ' O   HOH 70 A A 0  ' and ' O   HOH 70 B A 0  ' too close 0.48 < 0.5A
Warning: Unable to add protons to DesignUnit: (AB)__DU__biounit, failing with strict mode enabled
Warning: No ligand or sites detected, please revise inputs and/or options
Warning: No BioAssembly transforms found, using input molecule as biounit: 
Warning: Cannot set Rfree, due to lack of R value for 
Warning: Calc DPI: no reflection number found for  
DPI: 20.00, RFree: 0.00, Resolution: 0.00
Processing BU # 1 with title: , chains AB
Found unresolved C-terminal with 4 residues after GLY 302   A 0  , with sequence VTFQ
Found 6 residue gap between CYS 44   B 0   and ASN 51   B 0  , with sequence TSEDML
Found unresolved C-terminal with 1 residues after PHE 305   B 0  , with sequence Q
Attempting to build loop: TSEDML between CYS 44   B 0   and ASN 51   B 0  
Fatal: Database file does not exist: /data/chocera/asap-datasets/rcsb_spruce.loop_db
Process ForkPoolWorker-63:
Process ForkPoolWorker-62:
Process ForkPoolWorker-61:
Process ForkPoolWorker-60:
Process ForkPoolWorker-59:
Process ForkPoolWorker-64:
Process ForkPoolWorker-54:
Traceback (most recent call last):
  File "/data/chodera/paynea/covid-moonshot-ml/asapdiscovery/docking/scripts/prep_proteins.py", line 378, in main
    pool.starmap(prep_mp, mp_args)
  File "/home/paynea/miniconda3/envs/mers-docking/lib/python3.8/multiprocessing/pool.py", line 372, in starmap
    return self._map_async(func, iterable, starmapstar, chunksize).get()
  File "/home/paynea/miniconda3/envs/mers-docking/lib/python3.8/multiprocessing/pool.py", line 765, in get
    self.wait(timeout)
  File "/home/paynea/miniconda3/envs/mers-docking/lib/python3.8/multiprocessing/pool.py", line 762, in wait
    self._event.wait(timeout)
  File "/home/paynea/miniconda3/envs/mers-docking/lib/python3.8/threading.py", line 558, in wait
    signaled = self._cond.wait(timeout)
  File "/home/paynea/miniconda3/envs/mers-docking/lib/python3.8/threading.py", line 302, in wait
    waiter.acquire()
KeyboardInterrupt

During handling of the above exception, another exception occurred:

Traceback (most recent call last):
  File "/data/chodera/paynea/covid-moonshot-ml/asapdiscovery/docking/scripts/prep_proteins.py", line 382, in <module>
    main()
  File "/data/chodera/paynea/covid-moonshot-ml/asapdiscovery/docking/scripts/prep_proteins.py", line 378, in main
    pool.starmap(prep_mp, mp_args)
  File "/home/paynea/miniconda3/envs/mers-docking/lib/python3.8/multiprocessing/pool.py", line 736, in __exit__
    self.terminate()
  File "/home/paynea/miniconda3/envs/mers-docking/lib/python3.8/multiprocessing/pool.py", line 654, in terminate
    self._terminate()
  File "/home/paynea/miniconda3/envs/mers-docking/lib/python3.8/multiprocessing/util.py", line 213, in __call__
    try:
KeyboardInterrupt
Process ForkPoolWorker-74:
Traceback (most recent call last):
  File "/home/paynea/miniconda3/envs/mers-docking/lib/python3.8/multiprocessing/process.py", line 315, in _bootstrap
    self.run()
  File "/home/paynea/miniconda3/envs/mers-docking/lib/python3.8/multiprocessing/process.py", line 108, in run
    self._target(*self._args, **self._kwargs)
  File "/home/paynea/miniconda3/envs/mers-docking/lib/python3.8/multiprocessing/pool.py", line 114, in worker
    task = get()
  File "/home/paynea/miniconda3/envs/mers-docking/lib/python3.8/multiprocessing/queues.py", line 355, in get
    with self._rlock:
  File "/home/paynea/miniconda3/envs/mers-docking/lib/python3.8/multiprocessing/synchronize.py", line 95, in __enter__
    return self._semlock.__enter__()
KeyboardInterrupt
Process ForkPoolWorker-72:
Traceback (most recent call last):
  File "/home/paynea/miniconda3/envs/mers-docking/lib/python3.8/multiprocessing/process.py", line 315, in _bootstrap
    self.run()
  File "/home/paynea/miniconda3/envs/mers-docking/lib/python3.8/multiprocessing/process.py", line 108, in run
    self._target(*self._args, **self._kwargs)
  File "/home/paynea/miniconda3/envs/mers-docking/lib/python3.8/multiprocessing/pool.py", line 114, in worker
    task = get()
  File "/home/paynea/miniconda3/envs/mers-docking/lib/python3.8/multiprocessing/queues.py", line 355, in get
    with self._rlock:
  File "/home/paynea/miniconda3/envs/mers-docking/lib/python3.8/multiprocessing/synchronize.py", line 95, in __enter__
    return self._semlock.__enter__()
KeyboardInterrupt

During handling of the above exception, another exception occurred:

Traceback (most recent call last):
  File "/home/paynea/miniconda3/envs/mers-docking/lib/python3.8/multiprocessing/process.py", line 318, in _bootstrap
    util._exit_function()
  File "/home/paynea/miniconda3/envs/mers-docking/lib/python3.8/multiprocessing/util.py", line 334, in _exit_function
    _run_finalizers(0)
  File "/home/paynea/miniconda3/envs/mers-docking/lib/python3.8/multiprocessing/util.py", line 292, in _run_finalizers
    keys.sort(reverse=True)
KeyboardInterrupt
Process ForkPoolWorker-86:
Traceback (most recent call last):
  File "/home/paynea/miniconda3/envs/mers-docking/lib/python3.8/multiprocessing/process.py", line 315, in _bootstrap
    self.run()
  File "/home/paynea/miniconda3/envs/mers-docking/lib/python3.8/multiprocessing/process.py", line 108, in run
    self._target(*self._args, **self._kwargs)
  File "/home/paynea/miniconda3/envs/mers-docking/lib/python3.8/multiprocessing/pool.py", line 114, in worker
    task = get()
  File "/home/paynea/miniconda3/envs/mers-docking/lib/python3.8/multiprocessing/queues.py", line 355, in get
    with self._rlock:
  File "/home/paynea/miniconda3/envs/mers-docking/lib/python3.8/multiprocessing/synchronize.py", line 95, in __enter__
    return self._semlock.__enter__()
KeyboardInterrupt
Process ForkPoolWorker-79:
Traceback (most recent call last):
  File "/home/paynea/miniconda3/envs/mers-docking/lib/python3.8/multiprocessing/process.py", line 315, in _bootstrap
    self.run()
  File "/home/paynea/miniconda3/envs/mers-docking/lib/python3.8/multiprocessing/process.py", line 108, in run
    self._target(*self._args, **self._kwargs)
  File "/home/paynea/miniconda3/envs/mers-docking/lib/python3.8/multiprocessing/pool.py", line 114, in worker
    task = get()
  File "/home/paynea/miniconda3/envs/mers-docking/lib/python3.8/multiprocessing/queues.py", line 355, in get
    with self._rlock:
  File "/home/paynea/miniconda3/envs/mers-docking/lib/python3.8/multiprocessing/synchronize.py", line 95, in __enter__
    return self._semlock.__enter__()
KeyboardInterrupt

During handling of the above exception, another exception occurred:

Traceback (most recent call last):
  File "/home/paynea/miniconda3/envs/mers-docking/lib/python3.8/multiprocessing/process.py", line 318, in _bootstrap
    util._exit_function()
KeyboardInterrupt
Process ForkPoolWorker-66:
Traceback (most recent call last):
  File "/home/paynea/miniconda3/envs/mers-docking/lib/python3.8/multiprocessing/process.py", line 315, in _bootstrap
    self.run()
  File "/home/paynea/miniconda3/envs/mers-docking/lib/python3.8/multiprocessing/process.py", line 108, in run
    self._target(*self._args, **self._kwargs)
  File "/home/paynea/miniconda3/envs/mers-docking/lib/python3.8/multiprocessing/pool.py", line 114, in worker
    task = get()
  File "/home/paynea/miniconda3/envs/mers-docking/lib/python3.8/multiprocessing/queues.py", line 355, in get
    with self._rlock:
  File "/home/paynea/miniconda3/envs/mers-docking/lib/python3.8/multiprocessing/synchronize.py", line 95, in __enter__
    return self._semlock.__enter__()
KeyboardInterrupt
Process ForkPoolWorker-82:
Traceback (most recent call last):
  File "/home/paynea/miniconda3/envs/mers-docking/lib/python3.8/multiprocessing/process.py", line 315, in _bootstrap
    self.run()
  File "/home/paynea/miniconda3/envs/mers-docking/lib/python3.8/multiprocessing/process.py", line 108, in run
    self._target(*self._args, **self._kwargs)
  File "/home/paynea/miniconda3/envs/mers-docking/lib/python3.8/multiprocessing/pool.py", line 114, in worker
    task = get()
  File "/home/paynea/miniconda3/envs/mers-docking/lib/python3.8/multiprocessing/queues.py", line 355, in get
    with self._rlock:
  File "/home/paynea/miniconda3/envs/mers-docking/lib/python3.8/multiprocessing/synchronize.py", line 95, in __enter__
    return self._semlock.__enter__()
KeyboardInterrupt
Process ForkPoolWorker-87:
Traceback (most recent call last):
  File "/home/paynea/miniconda3/envs/mers-docking/lib/python3.8/multiprocessing/process.py", line 315, in _bootstrap
    self.run()
  File "/home/paynea/miniconda3/envs/mers-docking/lib/python3.8/multiprocessing/process.py", line 108, in run
    self._target(*self._args, **self._kwargs)
  File "/home/paynea/miniconda3/envs/mers-docking/lib/python3.8/multiprocessing/pool.py", line 114, in worker
    task = get()
  File "/home/paynea/miniconda3/envs/mers-docking/lib/python3.8/multiprocessing/queues.py", line 355, in get
    with self._rlock:
  File "/home/paynea/miniconda3/envs/mers-docking/lib/python3.8/multiprocessing/synchronize.py", line 95, in __enter__
    return self._semlock.__enter__()
KeyboardInterrupt
Process ForkPoolWorker-85:
Traceback (most recent call last):
  File "/home/paynea/miniconda3/envs/mers-docking/lib/python3.8/multiprocessing/process.py", line 315, in _bootstrap
    self.run()
  File "/home/paynea/miniconda3/envs/mers-docking/lib/python3.8/multiprocessing/process.py", line 108, in run
    self._target(*self._args, **self._kwargs)
  File "/home/paynea/miniconda3/envs/mers-docking/lib/python3.8/multiprocessing/pool.py", line 114, in worker
    task = get()
  File "/home/paynea/miniconda3/envs/mers-docking/lib/python3.8/multiprocessing/queues.py", line 355, in get
    with self._rlock:
  File "/home/paynea/miniconda3/envs/mers-docking/lib/python3.8/multiprocessing/synchronize.py", line 95, in __enter__
    return self._semlock.__enter__()
KeyboardInterrupt
Process ForkPoolWorker-76:
Traceback (most recent call last):
  File "/home/paynea/miniconda3/envs/mers-docking/lib/python3.8/multiprocessing/process.py", line 315, in _bootstrap
    self.run()
  File "/home/paynea/miniconda3/envs/mers-docking/lib/python3.8/multiprocessing/process.py", line 108, in run
    self._target(*self._args, **self._kwargs)
  File "/home/paynea/miniconda3/envs/mers-docking/lib/python3.8/multiprocessing/pool.py", line 114, in worker
    task = get()
  File "/home/paynea/miniconda3/envs/mers-docking/lib/python3.8/multiprocessing/queues.py", line 355, in get
    with self._rlock:
  File "/home/paynea/miniconda3/envs/mers-docking/lib/python3.8/multiprocessing/synchronize.py", line 95, in __enter__
    return self._semlock.__enter__()
KeyboardInterrupt

During handling of the above exception, another exception occurred:

Traceback (most recent call last):
  File "/home/paynea/miniconda3/envs/mers-docking/lib/python3.8/multiprocessing/process.py", line 318, in _bootstrap
    util._exit_function()
  File "/home/paynea/miniconda3/envs/mers-docking/lib/python3.8/multiprocessing/util.py", line 334, in _exit_function
    _run_finalizers(0)
  File "/home/paynea/miniconda3/envs/mers-docking/lib/python3.8/multiprocessing/util.py", line 268, in _run_finalizers
    def _run_finalizers(minpriority=None):
KeyboardInterrupt
Process ForkPoolWorker-80:
Traceback (most recent call last):
  File "/home/paynea/miniconda3/envs/mers-docking/lib/python3.8/multiprocessing/process.py", line 315, in _bootstrap
    self.run()
  File "/home/paynea/miniconda3/envs/mers-docking/lib/python3.8/multiprocessing/process.py", line 108, in run
    self._target(*self._args, **self._kwargs)
  File "/home/paynea/miniconda3/envs/mers-docking/lib/python3.8/multiprocessing/pool.py", line 114, in worker
    task = get()
  File "/home/paynea/miniconda3/envs/mers-docking/lib/python3.8/multiprocessing/queues.py", line 355, in get
    with self._rlock:
  File "/home/paynea/miniconda3/envs/mers-docking/lib/python3.8/multiprocessing/synchronize.py", line 95, in __enter__
    return self._semlock.__enter__()
KeyboardInterrupt
Process ForkPoolWorker-89:
Traceback (most recent call last):
  File "/home/paynea/miniconda3/envs/mers-docking/lib/python3.8/multiprocessing/process.py", line 315, in _bootstrap
    self.run()
  File "/home/paynea/miniconda3/envs/mers-docking/lib/python3.8/multiprocessing/process.py", line 108, in run
    self._target(*self._args, **self._kwargs)
  File "/home/paynea/miniconda3/envs/mers-docking/lib/python3.8/multiprocessing/pool.py", line 114, in worker
    task = get()
  File "/home/paynea/miniconda3/envs/mers-docking/lib/python3.8/multiprocessing/queues.py", line 355, in get
    with self._rlock:
  File "/home/paynea/miniconda3/envs/mers-docking/lib/python3.8/multiprocessing/synchronize.py", line 95, in __enter__
    return self._semlock.__enter__()
KeyboardInterrupt
Process ForkPoolWorker-78:
Traceback (most recent call last):
  File "/home/paynea/miniconda3/envs/mers-docking/lib/python3.8/multiprocessing/process.py", line 315, in _bootstrap
    self.run()
  File "/home/paynea/miniconda3/envs/mers-docking/lib/python3.8/multiprocessing/process.py", line 108, in run
    self._target(*self._args, **self._kwargs)
  File "/home/paynea/miniconda3/envs/mers-docking/lib/python3.8/multiprocessing/pool.py", line 114, in worker
    task = get()
  File "/home/paynea/miniconda3/envs/mers-docking/lib/python3.8/multiprocessing/queues.py", line 355, in get
    with self._rlock:
  File "/home/paynea/miniconda3/envs/mers-docking/lib/python3.8/multiprocessing/synchronize.py", line 95, in __enter__
    return self._semlock.__enter__()
KeyboardInterrupt

During handling of the above exception, another exception occurred:

Traceback (most recent call last):
  File "/home/paynea/miniconda3/envs/mers-docking/lib/python3.8/multiprocessing/process.py", line 318, in _bootstrap
    util._exit_function()
  File "/home/paynea/miniconda3/envs/mers-docking/lib/python3.8/multiprocessing/util.py", line 332, in _exit_function
    info('process shutting down')
  File "/home/paynea/miniconda3/envs/mers-docking/lib/python3.8/multiprocessing/util.py", line 53, in info
    if _logger:
KeyboardInterrupt
Process ForkPoolWorker-77:
Traceback (most recent call last):
  File "/home/paynea/miniconda3/envs/mers-docking/lib/python3.8/multiprocessing/process.py", line 315, in _bootstrap
    self.run()
  File "/home/paynea/miniconda3/envs/mers-docking/lib/python3.8/multiprocessing/process.py", line 108, in run
    self._target(*self._args, **self._kwargs)
  File "/home/paynea/miniconda3/envs/mers-docking/lib/python3.8/multiprocessing/pool.py", line 114, in worker
    task = get()
  File "/home/paynea/miniconda3/envs/mers-docking/lib/python3.8/multiprocessing/queues.py", line 355, in get
    with self._rlock:
  File "/home/paynea/miniconda3/envs/mers-docking/lib/python3.8/multiprocessing/synchronize.py", line 95, in __enter__
    return self._semlock.__enter__()
KeyboardInterrupt

During handling of the above exception, another exception occurred:

Traceback (most recent call last):
  File "/home/paynea/miniconda3/envs/mers-docking/lib/python3.8/multiprocessing/process.py", line 318, in _bootstrap
    util._exit_function()
  File "/home/paynea/miniconda3/envs/mers-docking/lib/python3.8/multiprocessing/util.py", line 333, in _exit_function
    debug('running all "atexit" finalizers with priority >= 0')
  File "/home/paynea/miniconda3/envs/mers-docking/lib/python3.8/multiprocessing/util.py", line 48, in debug
    def debug(msg, *args):
KeyboardInterrupt
Process ForkPoolWorker-71:
Traceback (most recent call last):
  File "/home/paynea/miniconda3/envs/mers-docking/lib/python3.8/multiprocessing/process.py", line 315, in _bootstrap
    self.run()
  File "/home/paynea/miniconda3/envs/mers-docking/lib/python3.8/multiprocessing/process.py", line 108, in run
    self._target(*self._args, **self._kwargs)
  File "/home/paynea/miniconda3/envs/mers-docking/lib/python3.8/multiprocessing/pool.py", line 114, in worker
    task = get()
  File "/home/paynea/miniconda3/envs/mers-docking/lib/python3.8/multiprocessing/queues.py", line 355, in get
    with self._rlock:
  File "/home/paynea/miniconda3/envs/mers-docking/lib/python3.8/multiprocessing/synchronize.py", line 95, in __enter__
    return self._semlock.__enter__()
KeyboardInterrupt
Process ForkPoolWorker-84:
Traceback (most recent call last):
  File "/home/paynea/miniconda3/envs/mers-docking/lib/python3.8/multiprocessing/process.py", line 315, in _bootstrap
    self.run()
  File "/home/paynea/miniconda3/envs/mers-docking/lib/python3.8/multiprocessing/process.py", line 108, in run
    self._target(*self._args, **self._kwargs)
  File "/home/paynea/miniconda3/envs/mers-docking/lib/python3.8/multiprocessing/pool.py", line 114, in worker
    task = get()
  File "/home/paynea/miniconda3/envs/mers-docking/lib/python3.8/multiprocessing/queues.py", line 355, in get
    with self._rlock:
  File "/home/paynea/miniconda3/envs/mers-docking/lib/python3.8/multiprocessing/synchronize.py", line 95, in __enter__
    return self._semlock.__enter__()
KeyboardInterrupt
Process ForkPoolWorker-75:
Traceback (most recent call last):
  File "/home/paynea/miniconda3/envs/mers-docking/lib/python3.8/multiprocessing/process.py", line 315, in _bootstrap
    self.run()
  File "/home/paynea/miniconda3/envs/mers-docking/lib/python3.8/multiprocessing/process.py", line 108, in run
    self._target(*self._args, **self._kwargs)
  File "/home/paynea/miniconda3/envs/mers-docking/lib/python3.8/multiprocessing/pool.py", line 114, in worker
    task = get()
  File "/home/paynea/miniconda3/envs/mers-docking/lib/python3.8/multiprocessing/queues.py", line 355, in get
    with self._rlock:
  File "/home/paynea/miniconda3/envs/mers-docking/lib/python3.8/multiprocessing/synchronize.py", line 95, in __enter__
    return self._semlock.__enter__()
KeyboardInterrupt

During handling of the above exception, another exception occurred:

Traceback (most recent call last):
  File "/home/paynea/miniconda3/envs/mers-docking/lib/python3.8/multiprocessing/process.py", line 318, in _bootstrap
    util._exit_function()
  File "/home/paynea/miniconda3/envs/mers-docking/lib/python3.8/multiprocessing/util.py", line 334, in _exit_function
    _run_finalizers(0)
  File "/home/paynea/miniconda3/envs/mers-docking/lib/python3.8/multiprocessing/util.py", line 275, in _run_finalizers
    if _finalizer_registry is None:
KeyboardInterrupt
Process ForkPoolWorker-83:
Traceback (most recent call last):
  File "/home/paynea/miniconda3/envs/mers-docking/lib/python3.8/multiprocessing/pool.py", line 114, in worker
    task = get()
  File "/home/paynea/miniconda3/envs/mers-docking/lib/python3.8/multiprocessing/queues.py", line 355, in get
    with self._rlock:
  File "/home/paynea/miniconda3/envs/mers-docking/lib/python3.8/multiprocessing/synchronize.py", line 95, in __enter__
    return self._semlock.__enter__()
KeyboardInterrupt

During handling of the above exception, another exception occurred:

Traceback (most recent call last):
  File "/home/paynea/miniconda3/envs/mers-docking/lib/python3.8/multiprocessing/process.py", line 315, in _bootstrap
    self.run()
  File "/home/paynea/miniconda3/envs/mers-docking/lib/python3.8/multiprocessing/process.py", line 108, in run
    self._target(*self._args, **self._kwargs)
  File "/home/paynea/miniconda3/envs/mers-docking/lib/python3.8/multiprocessing/pool.py", line 114, in worker
    task = get()
KeyboardInterrupt
Process ForkPoolWorker-88:
Traceback (most recent call last):
  File "/home/paynea/miniconda3/envs/mers-docking/lib/python3.8/multiprocessing/process.py", line 315, in _bootstrap
    self.run()
  File "/home/paynea/miniconda3/envs/mers-docking/lib/python3.8/multiprocessing/process.py", line 108, in run
    self._target(*self._args, **self._kwargs)
  File "/home/paynea/miniconda3/envs/mers-docking/lib/python3.8/multiprocessing/pool.py", line 114, in worker
    task = get()
  File "/home/paynea/miniconda3/envs/mers-docking/lib/python3.8/multiprocessing/queues.py", line 355, in get
    with self._rlock:
  File "/home/paynea/miniconda3/envs/mers-docking/lib/python3.8/multiprocessing/synchronize.py", line 95, in __enter__
    return self._semlock.__enter__()
KeyboardInterrupt
Process ForkPoolWorker-73:
Traceback (most recent call last):
  File "/home/paynea/miniconda3/envs/mers-docking/lib/python3.8/multiprocessing/process.py", line 315, in _bootstrap
    self.run()
  File "/home/paynea/miniconda3/envs/mers-docking/lib/python3.8/multiprocessing/process.py", line 108, in run
    self._target(*self._args, **self._kwargs)
  File "/home/paynea/miniconda3/envs/mers-docking/lib/python3.8/multiprocessing/pool.py", line 114, in worker
    task = get()
  File "/home/paynea/miniconda3/envs/mers-docking/lib/python3.8/multiprocessing/queues.py", line 355, in get
    with self._rlock:
  File "/home/paynea/miniconda3/envs/mers-docking/lib/python3.8/multiprocessing/synchronize.py", line 95, in __enter__
    return self._semlock.__enter__()
KeyboardInterrupt

During handling of the above exception, another exception occurred:

Traceback (most recent call last):
  File "/home/paynea/miniconda3/envs/mers-docking/lib/python3.8/multiprocessing/process.py", line 318, in _bootstrap
    util._exit_function()
  File "/home/paynea/miniconda3/envs/mers-docking/lib/python3.8/multiprocessing/util.py", line 334, in _exit_function
    _run_finalizers(0)
  File "/home/paynea/miniconda3/envs/mers-docking/lib/python3.8/multiprocessing/util.py", line 292, in _run_finalizers
    keys.sort(reverse=True)
KeyboardInterrupt
Process ForkPoolWorker-70:
Traceback (most recent call last):
  File "/home/paynea/miniconda3/envs/mers-docking/lib/python3.8/multiprocessing/process.py", line 315, in _bootstrap
    self.run()
  File "/home/paynea/miniconda3/envs/mers-docking/lib/python3.8/multiprocessing/process.py", line 108, in run
    self._target(*self._args, **self._kwargs)
  File "/home/paynea/miniconda3/envs/mers-docking/lib/python3.8/multiprocessing/pool.py", line 114, in worker
    task = get()
  File "/home/paynea/miniconda3/envs/mers-docking/lib/python3.8/multiprocessing/queues.py", line 355, in get
    with self._rlock:
  File "/home/paynea/miniconda3/envs/mers-docking/lib/python3.8/multiprocessing/synchronize.py", line 95, in __enter__
    return self._semlock.__enter__()
KeyboardInterrupt

During handling of the above exception, another exception occurred:

Traceback (most recent call last):
  File "/home/paynea/miniconda3/envs/mers-docking/lib/python3.8/multiprocessing/process.py", line 318, in _bootstrap
    util._exit_function()
  File "/home/paynea/miniconda3/envs/mers-docking/lib/python3.8/multiprocessing/util.py", line 336, in _exit_function
    if current_process() is not None:
  File "/home/paynea/miniconda3/envs/mers-docking/lib/python3.8/multiprocessing/process.py", line 37, in current_process
    def current_process():
KeyboardInterrupt
Process ForkPoolWorker-81:
Traceback (most recent call last):
  File "/home/paynea/miniconda3/envs/mers-docking/lib/python3.8/multiprocessing/process.py", line 315, in _bootstrap
    self.run()
  File "/home/paynea/miniconda3/envs/mers-docking/lib/python3.8/multiprocessing/process.py", line 108, in run
    self._target(*self._args, **self._kwargs)
  File "/home/paynea/miniconda3/envs/mers-docking/lib/python3.8/multiprocessing/pool.py", line 114, in worker
    task = get()
  File "/home/paynea/miniconda3/envs/mers-docking/lib/python3.8/multiprocessing/queues.py", line 355, in get
    with self._rlock:
  File "/home/paynea/miniconda3/envs/mers-docking/lib/python3.8/multiprocessing/synchronize.py", line 95, in __enter__
    return self._semlock.__enter__()
KeyboardInterrupt

During handling of the above exception, another exception occurred:

Traceback (most recent call last):
  File "/home/paynea/miniconda3/envs/mers-docking/lib/python3.8/multiprocessing/process.py", line 318, in _bootstrap
    util._exit_function()
KeyboardInterrupt
Error in atexit._run_exitfuncs:
Traceback (most recent call last):
  File "/home/paynea/miniconda3/envs/mers-docking/lib/python3.8/multiprocessing/util.py", line 300, in _run_finalizers
    finalizer()
  File "/home/paynea/miniconda3/envs/mers-docking/lib/python3.8/multiprocessing/util.py", line 224, in __call__
    res = self._callback(*self._args, **self._kwargs)
  File "/home/paynea/miniconda3/envs/mers-docking/lib/python3.8/multiprocessing/pool.py", line 692, in _terminate_pool
    cls._help_stuff_finish(inqueue, task_handler, len(pool))
  File "/home/paynea/miniconda3/envs/mers-docking/lib/python3.8/multiprocessing/pool.py", line 672, in _help_stuff_finish
    inqueue._rlock.acquire()
KeyboardInterrupt

During handling of the above exception, another exception occurred:

Traceback (most recent call last):
  File "/home/paynea/miniconda3/envs/mers-docking/lib/python3.8/multiprocessing/util.py", line 334, in _exit_function
    _run_finalizers(0)
  File "/home/paynea/miniconda3/envs/mers-docking/lib/python3.8/multiprocessing/util.py", line 300, in _run_finalizers
    finalizer()
KeyboardInterrupt
Process ForkPoolWorker-99:
Traceback (most recent call last):
  File "/home/paynea/miniconda3/envs/mers-docking/lib/python3.8/multiprocessing/process.py", line 315, in _bootstrap
    self.run()
  File "/home/paynea/miniconda3/envs/mers-docking/lib/python3.8/multiprocessing/process.py", line 108, in run
    self._target(*self._args, **self._kwargs)
  File "/home/paynea/miniconda3/envs/mers-docking/lib/python3.8/multiprocessing/pool.py", line 114, in worker
    task = get()
  File "/home/paynea/miniconda3/envs/mers-docking/lib/python3.8/multiprocessing/queues.py", line 355, in get
    with self._rlock:
  File "/home/paynea/miniconda3/envs/mers-docking/lib/python3.8/multiprocessing/synchronize.py", line 95, in __enter__
    return self._semlock.__enter__()
KeyboardInterrupt
Process ForkPoolWorker-92:
Traceback (most recent call last):
  File "/home/paynea/miniconda3/envs/mers-docking/lib/python3.8/multiprocessing/pool.py", line 114, in worker
    task = get()
  File "/home/paynea/miniconda3/envs/mers-docking/lib/python3.8/multiprocessing/queues.py", line 355, in get
    with self._rlock:
  File "/home/paynea/miniconda3/envs/mers-docking/lib/python3.8/multiprocessing/synchronize.py", line 95, in __enter__
    return self._semlock.__enter__()
KeyboardInterrupt

During handling of the above exception, another exception occurred:

Traceback (most recent call last):
  File "/home/paynea/miniconda3/envs/mers-docking/lib/python3.8/multiprocessing/process.py", line 315, in _bootstrap
    self.run()
  File "/home/paynea/miniconda3/envs/mers-docking/lib/python3.8/multiprocessing/process.py", line 108, in run
    self._target(*self._args, **self._kwargs)
  File "/home/paynea/miniconda3/envs/mers-docking/lib/python3.8/multiprocessing/pool.py", line 114, in worker
    task = get()
KeyboardInterrupt
Process ForkPoolWorker-94:
Traceback (most recent call last):
  File "/home/paynea/miniconda3/envs/mers-docking/lib/python3.8/multiprocessing/pool.py", line 114, in worker
    task = get()
  File "/home/paynea/miniconda3/envs/mers-docking/lib/python3.8/multiprocessing/queues.py", line 355, in get
    with self._rlock:
  File "/home/paynea/miniconda3/envs/mers-docking/lib/python3.8/multiprocessing/synchronize.py", line 95, in __enter__
    return self._semlock.__enter__()
KeyboardInterrupt

During handling of the above exception, another exception occurred:

Traceback (most recent call last):
  File "/home/paynea/miniconda3/envs/mers-docking/lib/python3.8/multiprocessing/process.py", line 315, in _bootstrap
    self.run()
  File "/home/paynea/miniconda3/envs/mers-docking/lib/python3.8/multiprocessing/process.py", line 108, in run
    self._target(*self._args, **self._kwargs)
  File "/home/paynea/miniconda3/envs/mers-docking/lib/python3.8/multiprocessing/pool.py", line 114, in worker
    task = get()
KeyboardInterrupt
Process ForkPoolWorker-91:
Traceback (most recent call last):
  File "/home/paynea/miniconda3/envs/mers-docking/lib/python3.8/multiprocessing/pool.py", line 114, in worker
    task = get()
  File "/home/paynea/miniconda3/envs/mers-docking/lib/python3.8/multiprocessing/queues.py", line 355, in get
    with self._rlock:
  File "/home/paynea/miniconda3/envs/mers-docking/lib/python3.8/multiprocessing/synchronize.py", line 95, in __enter__
    return self._semlock.__enter__()
KeyboardInterrupt

During handling of the above exception, another exception occurred:

Traceback (most recent call last):
  File "/home/paynea/miniconda3/envs/mers-docking/lib/python3.8/multiprocessing/process.py", line 315, in _bootstrap
    self.run()
  File "/home/paynea/miniconda3/envs/mers-docking/lib/python3.8/multiprocessing/process.py", line 108, in run
    self._target(*self._args, **self._kwargs)
  File "/home/paynea/miniconda3/envs/mers-docking/lib/python3.8/multiprocessing/pool.py", line 114, in worker
    task = get()
KeyboardInterrupt
Process ForkPoolWorker-100:
Traceback (most recent call last):
  File "/home/paynea/miniconda3/envs/mers-docking/lib/python3.8/multiprocessing/process.py", line 315, in _bootstrap
    self.run()
  File "/home/paynea/miniconda3/envs/mers-docking/lib/python3.8/multiprocessing/process.py", line 108, in run
    self._target(*self._args, **self._kwargs)
  File "/home/paynea/miniconda3/envs/mers-docking/lib/python3.8/multiprocessing/pool.py", line 114, in worker
    task = get()
  File "/home/paynea/miniconda3/envs/mers-docking/lib/python3.8/multiprocessing/queues.py", line 355, in get
    with self._rlock:
  File "/home/paynea/miniconda3/envs/mers-docking/lib/python3.8/multiprocessing/synchronize.py", line 95, in __enter__
    return self._semlock.__enter__()
KeyboardInterrupt
Process ForkPoolWorker-97:
Traceback (most recent call last):
  File "/home/paynea/miniconda3/envs/mers-docking/lib/python3.8/multiprocessing/process.py", line 315, in _bootstrap
    self.run()
  File "/home/paynea/miniconda3/envs/mers-docking/lib/python3.8/multiprocessing/process.py", line 108, in run
    self._target(*self._args, **self._kwargs)
  File "/home/paynea/miniconda3/envs/mers-docking/lib/python3.8/multiprocessing/pool.py", line 114, in worker
    task = get()
  File "/home/paynea/miniconda3/envs/mers-docking/lib/python3.8/multiprocessing/queues.py", line 355, in get
    with self._rlock:
  File "/home/paynea/miniconda3/envs/mers-docking/lib/python3.8/multiprocessing/synchronize.py", line 95, in __enter__
    return self._semlock.__enter__()
KeyboardInterrupt
Process ForkPoolWorker-96:
Traceback (most recent call last):
  File "/home/paynea/miniconda3/envs/mers-docking/lib/python3.8/multiprocessing/process.py", line 315, in _bootstrap
    self.run()
  File "/home/paynea/miniconda3/envs/mers-docking/lib/python3.8/multiprocessing/process.py", line 108, in run
    self._target(*self._args, **self._kwargs)
  File "/home/paynea/miniconda3/envs/mers-docking/lib/python3.8/multiprocessing/pool.py", line 114, in worker
    task = get()
  File "/home/paynea/miniconda3/envs/mers-docking/lib/python3.8/multiprocessing/queues.py", line 355, in get
    with self._rlock:
  File "/home/paynea/miniconda3/envs/mers-docking/lib/python3.8/multiprocessing/synchronize.py", line 95, in __enter__
    return self._semlock.__enter__()
KeyboardInterrupt
Process ForkPoolWorker-93:
Traceback (most recent call last):
  File "/home/paynea/miniconda3/envs/mers-docking/lib/python3.8/multiprocessing/pool.py", line 114, in worker
    task = get()
  File "/home/paynea/miniconda3/envs/mers-docking/lib/python3.8/multiprocessing/queues.py", line 355, in get
    with self._rlock:
  File "/home/paynea/miniconda3/envs/mers-docking/lib/python3.8/multiprocessing/synchronize.py", line 95, in __enter__
    return self._semlock.__enter__()
KeyboardInterrupt

During handling of the above exception, another exception occurred:

Traceback (most recent call last):
  File "/home/paynea/miniconda3/envs/mers-docking/lib/python3.8/multiprocessing/process.py", line 315, in _bootstrap
    self.run()
  File "/home/paynea/miniconda3/envs/mers-docking/lib/python3.8/multiprocessing/process.py", line 108, in run
    self._target(*self._args, **self._kwargs)
  File "/home/paynea/miniconda3/envs/mers-docking/lib/python3.8/multiprocessing/pool.py", line 114, in worker
    task = get()
KeyboardInterrupt
Process ForkPoolWorker-95:
Traceback (most recent call last):
  File "/home/paynea/miniconda3/envs/mers-docking/lib/python3.8/multiprocessing/process.py", line 315, in _bootstrap
    self.run()
  File "/home/paynea/miniconda3/envs/mers-docking/lib/python3.8/multiprocessing/process.py", line 108, in run
    self._target(*self._args, **self._kwargs)
  File "/home/paynea/miniconda3/envs/mers-docking/lib/python3.8/multiprocessing/pool.py", line 114, in worker
    task = get()
  File "/home/paynea/miniconda3/envs/mers-docking/lib/python3.8/multiprocessing/queues.py", line 355, in get
    with self._rlock:
  File "/home/paynea/miniconda3/envs/mers-docking/lib/python3.8/multiprocessing/synchronize.py", line 95, in __enter__
    return self._semlock.__enter__()
KeyboardInterrupt
Process ForkPoolWorker-90:
Traceback (most recent call last):
  File "/home/paynea/miniconda3/envs/mers-docking/lib/python3.8/multiprocessing/pool.py", line 114, in worker
    task = get()
  File "/home/paynea/miniconda3/envs/mers-docking/lib/python3.8/multiprocessing/queues.py", line 355, in get
    with self._rlock:
  File "/home/paynea/miniconda3/envs/mers-docking/lib/python3.8/multiprocessing/synchronize.py", line 95, in __enter__
    return self._semlock.__enter__()
KeyboardInterrupt

During handling of the above exception, another exception occurred:

Traceback (most recent call last):
  File "/home/paynea/miniconda3/envs/mers-docking/lib/python3.8/multiprocessing/process.py", line 315, in _bootstrap
    self.run()
  File "/home/paynea/miniconda3/envs/mers-docking/lib/python3.8/multiprocessing/process.py", line 108, in run
    self._target(*self._args, **self._kwargs)
  File "/home/paynea/miniconda3/envs/mers-docking/lib/python3.8/multiprocessing/pool.py", line 114, in worker
    task = get()
KeyboardInterrupt
Process ForkPoolWorker-98:
Traceback (most recent call last):
  File "/home/paynea/miniconda3/envs/mers-docking/lib/python3.8/multiprocessing/process.py", line 315, in _bootstrap
    self.run()
  File "/home/paynea/miniconda3/envs/mers-docking/lib/python3.8/multiprocessing/process.py", line 108, in run
    self._target(*self._args, **self._kwargs)
  File "/home/paynea/miniconda3/envs/mers-docking/lib/python3.8/multiprocessing/pool.py", line 114, in worker
    task = get()
  File "/home/paynea/miniconda3/envs/mers-docking/lib/python3.8/multiprocessing/queues.py", line 355, in get
    with self._rlock:
  File "/home/paynea/miniconda3/envs/mers-docking/lib/python3.8/multiprocessing/synchronize.py", line 95, in __enter__
    return self._semlock.__enter__()
KeyboardInterrupt
